# JRE version: OpenJDK Runtime Environment (8.0_152-b01) (build 1.8.0_152-release-1343-b01)
# Java VM: OpenJDK 64-Bit Server VM (25.152-b01 mixed mode windows-amd64 compressed oops)
Heap:
 PSYoungGen      total 91136K, used 18650K [0x00000000e0000000, 0x00000000e7d80000, 0x0000000100000000)
  eden space 79872K, 9% used [0x00000000e0000000,0x00000000e073b148,0x00000000e4e00000)
  from space 11264K, 99% used [0x00000000e4e00000,0x00000000e58fb9e8,0x00000000e5900000)
  to   space 13312K, 0% used [0x00000000e7080000,0x00000000e7080000,0x00000000e7d80000)
 ParOldGen       total 57344K, used 18445K [0x00000000a0000000, 0x00000000a3800000, 0x00000000e0000000)
  object space 57344K, 32% used [0x00000000a0000000,0x00000000a12035e8,0x00000000a3800000)
 Metaspace       used 44031K, capacity 45078K, committed 45440K, reserved 1089536K
  class space    used 5915K, capacity 6182K, committed 6272K, reserved 1048576K
GC Heap History (10 events):
Event: 13.587 GC heap before
{Heap before GC invocations=9 (full 1):
 PSYoungGen      total 71680K, used 64512K [0x00000000e0000000, 0x00000000e4e00000, 0x0000000100000000)
  eden space 64512K, 100% used [0x00000000e0000000,0x00000000e3f00000,0x00000000e3f00000)
  from space 7168K, 0% used [0x00000000e3f00000,0x00000000e3f00000,0x00000000e4600000)
  to   space 6144K, 0% used [0x00000000e4600000,0x00000000e4600000,0x00000000e4c00000)
 ParOldGen       total 36864K, used 10489K [0x00000000a0000000, 0x00000000a2400000, 0x00000000e0000000)
  object space 36864K, 28% used [0x00000000a0000000,0x00000000a0a3e460,0x00000000a2400000)
 Metaspace       used 27860K, capacity 28334K, committed 28672K, reserved 1073152K
  class space    used 3799K, capacity 3997K, committed 4096K, reserved 1048576K
Event: 13.608 GC heap after
Heap after GC invocations=9 (full 1):
 PSYoungGen      total 68096K, used 6137K [0x00000000e0000000, 0x00000000e7780000, 0x0000000100000000)
  eden space 61952K, 0% used [0x00000000e0000000,0x00000000e0000000,0x00000000e3c80000)
  from space 6144K, 99% used [0x00000000e4600000,0x00000000e4bfe448,0x00000000e4c00000)
  to   space 9728K, 0% used [0x00000000e3c80000,0x00000000e3c80000,0x00000000e4600000)
 ParOldGen       total 36864K, used 11550K [0x00000000a0000000, 0x00000000a2400000, 0x00000000e0000000)
  object space 36864K, 31% used [0x00000000a0000000,0x00000000a0b47870,0x00000000a2400000)
 Metaspace       used 27860K, capacity 28334K, committed 28672K, reserved 1073152K
  class space    used 3799K, capacity 3997K, committed 4096K, reserved 1048576K
}
Event: 26.102 GC heap before
{Heap before GC invocations=10 (full 1):
 PSYoungGen      total 68096K, used 68089K [0x00000000e0000000, 0x00000000e7780000, 0x0000000100000000)
  eden space 61952K, 100% used [0x00000000e0000000,0x00000000e3c80000,0x00000000e3c80000)
  from space 6144K, 99% used [0x00000000e4600000,0x00000000e4bfe448,0x00000000e4c00000)
  to   space 9728K, 0% used [0x00000000e3c80000,0x00000000e3c80000,0x00000000e4600000)
 ParOldGen       total 36864K, used 11550K [0x00000000a0000000, 0x00000000a2400000, 0x00000000e0000000)
  object space 36864K, 31% used [0x00000000a0000000,0x00000000a0b47870,0x00000000a2400000)
 Metaspace       used 31539K, capacity 32222K, committed 32384K, reserved 1077248K
  class space    used 4400K, capacity 4618K, committed 4736K, reserved 1048576K
Event: 26.140 GC heap after
Heap after GC invocations=10 (full 1):
 PSYoungGen      total 71680K, used 9412K [0x00000000e0000000, 0x00000000e6600000, 0x0000000100000000)
  eden space 61952K, 0% used [0x00000000e0000000,0x00000000e0000000,0x00000000e3c80000)
  from space 9728K, 96% used [0x00000000e3c80000,0x00000000e45b1030,0x00000000e4600000)
  to   space 11264K, 0% used [0x00000000e5b00000,0x00000000e5b00000,0x00000000e6600000)
 ParOldGen       total 36864K, used 11558K [0x00000000a0000000, 0x00000000a2400000, 0x00000000e0000000)
  object space 36864K, 31% used [0x00000000a0000000,0x00000000a0b49870,0x00000000a2400000)
 Metaspace       used 31539K, capacity 32222K, committed 32384K, reserved 1077248K
  class space    used 4400K, capacity 4618K, committed 4736K, reserved 1048576K
}
Event: 42.243 GC heap before
{Heap before GC invocations=11 (full 1):
 PSYoungGen      total 71680K, used 66818K [0x00000000e0000000, 0x00000000e6600000, 0x0000000100000000)
  eden space 61952K, 92% used [0x00000000e0000000,0x00000000e380fbc0,0x00000000e3c80000)
  from space 9728K, 96% used [0x00000000e3c80000,0x00000000e45b1030,0x00000000e4600000)
  to   space 11264K, 0% used [0x00000000e5b00000,0x00000000e5b00000,0x00000000e6600000)
 ParOldGen       total 36864K, used 11558K [0x00000000a0000000, 0x00000000a2400000, 0x00000000e0000000)
  object space 36864K, 31% used [0x00000000a0000000,0x00000000a0b49870,0x00000000a2400000)
 Metaspace       used 34596K, capacity 35436K, committed 35456K, reserved 1079296K
  class space    used 4763K, capacity 4986K, committed 4992K, reserved 1048576K
Event: 42.284 GC heap after
Heap after GC invocations=11 (full 1):
 PSYoungGen      total 89088K, used 8211K [0x00000000e0000000, 0x00000000e6400000, 0x0000000100000000)
  eden space 79872K, 0% used [0x00000000e0000000,0x00000000e0000000,0x00000000e4e00000)
  from space 9216K, 89% used [0x00000000e5b00000,0x00000000e6304dc8,0x00000000e6400000)
  to   space 11264K, 0% used [0x00000000e4e00000,0x00000000e4e00000,0x00000000e5900000)
 ParOldGen       total 36864K, used 14561K [0x00000000a0000000, 0x00000000a2400000, 0x00000000e0000000)
  object space 36864K, 39% used [0x00000000a0000000,0x00000000a0e38440,0x00000000a2400000)
 Metaspace       used 34596K, capacity 35436K, committed 35456K, reserved 1079296K
  class space    used 4763K, capacity 4986K, committed 4992K, reserved 1048576K
}
Event: 42.284 GC heap before
{Heap before GC invocations=12 (full 2):
 PSYoungGen      total 89088K, used 8211K [0x00000000e0000000, 0x00000000e6400000, 0x0000000100000000)
  eden space 79872K, 0% used [0x00000000e0000000,0x00000000e0000000,0x00000000e4e00000)
  from space 9216K, 89% used [0x00000000e5b00000,0x00000000e6304dc8,0x00000000e6400000)
  to   space 11264K, 0% used [0x00000000e4e00000,0x00000000e4e00000,0x00000000e5900000)
 ParOldGen       total 36864K, used 14561K [0x00000000a0000000, 0x00000000a2400000, 0x00000000e0000000)
  object space 36864K, 39% used [0x00000000a0000000,0x00000000a0e38440,0x00000000a2400000)
 Metaspace       used 34596K, capacity 35436K, committed 35456K, reserved 1079296K
  class space    used 4763K, capacity 4986K, committed 4992K, reserved 1048576K
Event: 42.593 GC heap after
Heap after GC invocations=12 (full 2):
 PSYoungGen      total 89088K, used 0K [0x00000000e0000000, 0x00000000e6400000, 0x0000000100000000)
  eden space 79872K, 0% used [0x00000000e0000000,0x00000000e0000000,0x00000000e4e00000)
  from space 9216K, 0% used [0x00000000e5b00000,0x00000000e5b00000,0x00000000e6400000)
  to   space 11264K, 0% used [0x00000000e4e00000,0x00000000e4e00000,0x00000000e5900000)
 ParOldGen       total 57344K, used 17963K [0x00000000a0000000, 0x00000000a3800000, 0x00000000e0000000)
  object space 57344K, 31% used [0x00000000a0000000,0x00000000a118ad40,0x00000000a3800000)
 Metaspace       used 34591K, capacity 35418K, committed 35456K, reserved 1079296K
  class space    used 4761K, capacity 4983K, committed 4992K, reserved 1048576K
}
Event: 48.948 GC heap before
{Heap before GC invocations=13 (full 2):
 PSYoungGen      total 89088K, used 79872K [0x00000000e0000000, 0x00000000e6400000, 0x0000000100000000)
  eden space 79872K, 100% used [0x00000000e0000000,0x00000000e4e00000,0x00000000e4e00000)
  from space 9216K, 0% used [0x00000000e5b00000,0x00000000e5b00000,0x00000000e6400000)
  to   space 11264K, 0% used [0x00000000e4e00000,0x00000000e4e00000,0x00000000e5900000)
 ParOldGen       total 57344K, used 17963K [0x00000000a0000000, 0x00000000a3800000, 0x00000000e0000000)
  object space 57344K, 31% used [0x00000000a0000000,0x00000000a118ad40,0x00000000a3800000)
 Metaspace       used 43595K, capacity 44656K, committed 44928K, reserved 1087488K
  class space    used 5880K, capacity 6149K, committed 6272K, reserved 1048576K
Event: 48.984 GC heap after
Heap after GC invocations=13 (full 2):
 PSYoungGen      total 91136K, used 11246K [0x00000000e0000000, 0x00000000e7d80000, 0x0000000100000000)
  eden space 79872K, 0% used [0x00000000e0000000,0x00000000e0000000,0x00000000e4e00000)
  from space 11264K, 99% used [0x00000000e4e00000,0x00000000e58fb9e8,0x00000000e5900000)
  to   space 13312K, 0% used [0x00000000e7080000,0x00000000e7080000,0x00000000e7d80000)
 ParOldGen       total 57344K, used 18445K [0x00000000a0000000, 0x00000000a3800000, 0x00000000e0000000)
  object space 57344K, 32% used [0x00000000a0000000,0x00000000a12035e8,0x00000000a3800000)
 Metaspace       used 43595K, capacity 44656K, committed 44928K, reserved 1087488K
  class space    used 5880K, capacity 6149K, committed 6272K, reserved 1048576K
}

