# JRE version: OpenJDK Runtime Environment (8.0_152-b01) (build 1.8.0_152-release-1343-b01)
# Java VM: OpenJDK 64-Bit Server VM (25.152-b01 mixed mode windows-amd64 compressed oops)
Heap:
 PSYoungGen      total 75264K, used 48130K [0x00000000e0000000, 0x00000000e5580000, 0x0000000100000000)
  eden space 67072K, 60% used [0x00000000e0000000,0x00000000e27e75a0,0x00000000e4180000)
  from space 8192K, 88% used [0x00000000e4d80000,0x00000000e5499470,0x00000000e5580000)
  to   space 10240K, 0% used [0x00000000e4180000,0x00000000e4180000,0x00000000e4b80000)
 ParOldGen       total 77824K, used 29073K [0x00000000a0000000, 0x00000000a4c00000, 0x00000000e0000000)
  object space 77824K, 37% used [0x00000000a0000000,0x00000000a1c64778,0x00000000a4c00000)
 Metaspace       used 62844K, capacity 64714K, committed 64768K, reserved 1105920K
  class space    used 8491K, capacity 8910K, committed 8960K, reserved 1048576K
GC Heap History (10 events):
Event: 136.773 GC heap before
{Heap before GC invocations=25 (full 2):
 PSYoungGen      total 59392K, used 57234K [0x00000000e0000000, 0x00000000e4200000, 0x0000000100000000)
  eden space 51712K, 100% used [0x00000000e0000000,0x00000000e3280000,0x00000000e3280000)
  from space 7680K, 71% used [0x00000000e3a00000,0x00000000e3f64948,0x00000000e4180000)
  to   space 7680K, 0% used [0x00000000e3280000,0x00000000e3280000,0x00000000e3a00000)
 ParOldGen       total 53760K, used 24099K [0x00000000a0000000, 0x00000000a3480000, 0x00000000e0000000)
  object space 53760K, 44% used [0x00000000a0000000,0x00000000a1788eb0,0x00000000a3480000)
 Metaspace       used 53187K, capacity 54418K, committed 54528K, reserved 1095680K
  class space    used 7078K, capacity 7391K, committed 7424K, reserved 1048576K
Event: 136.798 GC heap after
Heap after GC invocations=25 (full 2):
 PSYoungGen      total 59392K, used 7675K [0x00000000e0000000, 0x00000000e4b00000, 0x0000000100000000)
  eden space 51712K, 0% used [0x00000000e0000000,0x00000000e0000000,0x00000000e3280000)
  from space 7680K, 99% used [0x00000000e3280000,0x00000000e39fede0,0x00000000e3a00000)
  to   space 8704K, 0% used [0x00000000e4280000,0x00000000e4280000,0x00000000e4b00000)
 ParOldGen       total 53760K, used 24171K [0x00000000a0000000, 0x00000000a3480000, 0x00000000e0000000)
  object space 53760K, 44% used [0x00000000a0000000,0x00000000a179aec0,0x00000000a3480000)
 Metaspace       used 53187K, capacity 54418K, committed 54528K, reserved 1095680K
  class space    used 7078K, capacity 7391K, committed 7424K, reserved 1048576K
}
Event: 141.118 GC heap before
{Heap before GC invocations=26 (full 2):
 PSYoungGen      total 59392K, used 59387K [0x00000000e0000000, 0x00000000e4b00000, 0x0000000100000000)
  eden space 51712K, 100% used [0x00000000e0000000,0x00000000e3280000,0x00000000e3280000)
  from space 7680K, 99% used [0x00000000e3280000,0x00000000e39fede0,0x00000000e3a00000)
  to   space 8704K, 0% used [0x00000000e4280000,0x00000000e4280000,0x00000000e4b00000)
 ParOldGen       total 53760K, used 24171K [0x00000000a0000000, 0x00000000a3480000, 0x00000000e0000000)
  object space 53760K, 44% used [0x00000000a0000000,0x00000000a179aec0,0x00000000a3480000)
 Metaspace       used 55873K, capacity 57474K, committed 57728K, reserved 1099776K
  class space    used 7400K, capacity 7775K, committed 7808K, reserved 1048576K
Event: 141.159 GC heap after
Heap after GC invocations=26 (full 2):
 PSYoungGen      total 66560K, used 8699K [0x00000000e0000000, 0x00000000e4f00000, 0x0000000100000000)
  eden space 57856K, 0% used [0x00000000e0000000,0x00000000e0000000,0x00000000e3880000)
  from space 8704K, 99% used [0x00000000e4280000,0x00000000e4afedb0,0x00000000e4b00000)
  to   space 10240K, 0% used [0x00000000e3880000,0x00000000e3880000,0x00000000e4280000)
 ParOldGen       total 53760K, used 24400K [0x00000000a0000000, 0x00000000a3480000, 0x00000000e0000000)
  object space 53760K, 45% used [0x00000000a0000000,0x00000000a17d4278,0x00000000a3480000)
 Metaspace       used 55873K, capacity 57474K, committed 57728K, reserved 1099776K
  class space    used 7400K, capacity 7775K, committed 7808K, reserved 1048576K
}
Event: 142.129 GC heap before
{Heap before GC invocations=27 (full 2):
 PSYoungGen      total 66560K, used 30438K [0x00000000e0000000, 0x00000000e4f00000, 0x0000000100000000)
  eden space 57856K, 37% used [0x00000000e0000000,0x00000000e153ad88,0x00000000e3880000)
  from space 8704K, 99% used [0x00000000e4280000,0x00000000e4afedb0,0x00000000e4b00000)
  to   space 10240K, 0% used [0x00000000e3880000,0x00000000e3880000,0x00000000e4280000)
 ParOldGen       total 53760K, used 24400K [0x00000000a0000000, 0x00000000a3480000, 0x00000000e0000000)
  object space 53760K, 45% used [0x00000000a0000000,0x00000000a17d4278,0x00000000a3480000)
 Metaspace       used 57435K, capacity 59018K, committed 59096K, reserved 1099776K
  class space    used 7630K, capacity 8011K, committed 8064K, reserved 1048576K
Event: 142.178 GC heap after
Heap after GC invocations=27 (full 2):
 PSYoungGen      total 68096K, used 3492K [0x00000000e0000000, 0x00000000e5700000, 0x0000000100000000)
  eden space 57856K, 0% used [0x00000000e0000000,0x00000000e0000000,0x00000000e3880000)
  from space 10240K, 34% used [0x00000000e3880000,0x00000000e3be9118,0x00000000e4280000)
  to   space 9728K, 0% used [0x00000000e4d80000,0x00000000e4d80000,0x00000000e5700000)
 ParOldGen       total 53760K, used 29450K [0x00000000a0000000, 0x00000000a3480000, 0x00000000e0000000)
  object space 53760K, 54% used [0x00000000a0000000,0x00000000a1cc2b08,0x00000000a3480000)
 Metaspace       used 57435K, capacity 59018K, committed 59096K, reserved 1099776K
  class space    used 7630K, capacity 8011K, committed 8064K, reserved 1048576K
}
Event: 142.178 GC heap before
{Heap before GC invocations=28 (full 3):
 PSYoungGen      total 68096K, used 3492K [0x00000000e0000000, 0x00000000e5700000, 0x0000000100000000)
  eden space 57856K, 0% used [0x00000000e0000000,0x00000000e0000000,0x00000000e3880000)
  from space 10240K, 34% used [0x00000000e3880000,0x00000000e3be9118,0x00000000e4280000)
  to   space 9728K, 0% used [0x00000000e4d80000,0x00000000e4d80000,0x00000000e5700000)
 ParOldGen       total 53760K, used 29450K [0x00000000a0000000, 0x00000000a3480000, 0x00000000e0000000)
  object space 53760K, 54% used [0x00000000a0000000,0x00000000a1cc2b08,0x00000000a3480000)
 Metaspace       used 57435K, capacity 59018K, committed 59096K, reserved 1099776K
  class space    used 7630K, capacity 8011K, committed 8064K, reserved 1048576K
Event: 143.373 GC heap after
Heap after GC invocations=28 (full 3):
 PSYoungGen      total 68096K, used 0K [0x00000000e0000000, 0x00000000e5700000, 0x0000000100000000)
  eden space 57856K, 0% used [0x00000000e0000000,0x00000000e0000000,0x00000000e3880000)
  from space 10240K, 0% used [0x00000000e3880000,0x00000000e3880000,0x00000000e4280000)
  to   space 9728K, 0% used [0x00000000e4d80000,0x00000000e4d80000,0x00000000e5700000)
 ParOldGen       total 77824K, used 29065K [0x00000000a0000000, 0x00000000a4c00000, 0x00000000e0000000)
  object space 77824K, 37% used [0x00000000a0000000,0x00000000a1c62778,0x00000000a4c00000)
 Metaspace       used 57409K, capacity 58930K, committed 59096K, reserved 1099776K
  class space    used 7623K, capacity 8003K, committed 8064K, reserved 1048576K
}
Event: 157.171 GC heap before
{Heap before GC invocations=29 (full 3):
 PSYoungGen      total 68096K, used 57856K [0x00000000e0000000, 0x00000000e5700000, 0x0000000100000000)
  eden space 57856K, 100% used [0x00000000e0000000,0x00000000e3880000,0x00000000e3880000)
  from space 10240K, 0% used [0x00000000e3880000,0x00000000e3880000,0x00000000e4280000)
  to   space 9728K, 0% used [0x00000000e4d80000,0x00000000e4d80000,0x00000000e5700000)
 ParOldGen       total 77824K, used 29065K [0x00000000a0000000, 0x00000000a4c00000, 0x00000000e0000000)
  object space 77824K, 37% used [0x00000000a0000000,0x00000000a1c62778,0x00000000a4c00000)
 Metaspace       used 60581K, capacity 62362K, committed 62592K, reserved 1103872K
  class space    used 8109K, capacity 8537K, committed 8576K, reserved 1048576K
Event: 157.215 GC heap after
Heap after GC invocations=29 (full 3):
 PSYoungGen      total 75264K, used 7269K [0x00000000e0000000, 0x00000000e5580000, 0x0000000100000000)
  eden space 67072K, 0% used [0x00000000e0000000,0x00000000e0000000,0x00000000e4180000)
  from space 8192K, 88% used [0x00000000e4d80000,0x00000000e5499470,0x00000000e5580000)
  to   space 10240K, 0% used [0x00000000e4180000,0x00000000e4180000,0x00000000e4b80000)
 ParOldGen       total 77824K, used 29073K [0x00000000a0000000, 0x00000000a4c00000, 0x00000000e0000000)
  object space 77824K, 37% used [0x00000000a0000000,0x00000000a1c64778,0x00000000a4c00000)
 Metaspace       used 60581K, capacity 62362K, committed 62592K, reserved 1103872K
  class space    used 8109K, capacity 8537K, committed 8576K, reserved 1048576K
}

