# JRE version: OpenJDK Runtime Environment (8.0_152-b01) (build 1.8.0_152-release-1343-b01)
# Java VM: OpenJDK 64-Bit Server VM (25.152-b01 mixed mode windows-amd64 compressed oops)
Heap:
 PSYoungGen      total 105472K, used 32596K [0x00000000e0000000, 0x00000000e8e80000, 0x0000000100000000)
  eden space 97792K, 25% used [0x00000000e0000000,0x00000000e18aba70,0x00000000e5f80000)
  from space 7680K, 95% used [0x00000000e8700000,0x00000000e8e297b0,0x00000000e8e80000)
  to   space 9728K, 0% used [0x00000000e7b80000,0x00000000e7b80000,0x00000000e8500000)
 ParOldGen       total 40448K, used 12664K [0x00000000a0000000, 0x00000000a2780000, 0x00000000e0000000)
  object space 40448K, 31% used [0x00000000a0000000,0x00000000a0c5e2a8,0x00000000a2780000)
 Metaspace       used 29502K, capacity 30038K, committed 30208K, reserved 1075200K
  class space    used 4070K, capacity 4305K, committed 4352K, reserved 1048576K
GC Heap History (10 events):
Event: 10.470 GC heap before
{Heap before GC invocations=5 (full 0):
 PSYoungGen      total 35328K, used 35296K [0x00000000e0000000, 0x00000000e2500000, 0x0000000100000000)
  eden space 32768K, 100% used [0x00000000e0000000,0x00000000e2000000,0x00000000e2000000)
  from space 2560K, 98% used [0x00000000e2280000,0x00000000e24f8020,0x00000000e2500000)
  to   space 2560K, 0% used [0x00000000e2000000,0x00000000e2000000,0x00000000e2280000)
 ParOldGen       total 44032K, used 2259K [0x00000000a0000000, 0x00000000a2b00000, 0x00000000e0000000)
  object space 44032K, 5% used [0x00000000a0000000,0x00000000a0234f40,0x00000000a2b00000)
 Metaspace       used 13218K, capacity 13552K, committed 13824K, reserved 1060864K
  class space    used 1817K, capacity 1966K, committed 2048K, reserved 1048576K
Event: 10.498 GC heap after
Heap after GC invocations=5 (full 0):
 PSYoungGen      total 35328K, used 2528K [0x00000000e0000000, 0x00000000e4c00000, 0x0000000100000000)
  eden space 32768K, 0% used [0x00000000e0000000,0x00000000e0000000,0x00000000e2000000)
  from space 2560K, 98% used [0x00000000e2000000,0x00000000e2278020,0x00000000e2280000)
  to   space 6144K, 0% used [0x00000000e4600000,0x00000000e4600000,0x00000000e4c00000)
 ParOldGen       total 44032K, used 6021K [0x00000000a0000000, 0x00000000a2b00000, 0x00000000e0000000)
  object space 44032K, 13% used [0x00000000a0000000,0x00000000a05e14d0,0x00000000a2b00000)
 Metaspace       used 13218K, capacity 13552K, committed 13824K, reserved 1060864K
  class space    used 1817K, capacity 1966K, committed 2048K, reserved 1048576K
}
Event: 12.496 GC heap before
{Heap before GC invocations=6 (full 0):
 PSYoungGen      total 35328K, used 35296K [0x00000000e0000000, 0x00000000e4c00000, 0x0000000100000000)
  eden space 32768K, 100% used [0x00000000e0000000,0x00000000e2000000,0x00000000e2000000)
  from space 2560K, 98% used [0x00000000e2000000,0x00000000e2278020,0x00000000e2280000)
  to   space 6144K, 0% used [0x00000000e4600000,0x00000000e4600000,0x00000000e4c00000)
 ParOldGen       total 44032K, used 6021K [0x00000000a0000000, 0x00000000a2b00000, 0x00000000e0000000)
  object space 44032K, 13% used [0x00000000a0000000,0x00000000a05e14d0,0x00000000a2b00000)
 Metaspace       used 16002K, capacity 16320K, committed 16512K, reserved 1062912K
  class space    used 2284K, capacity 2424K, committed 2432K, reserved 1048576K
Event: 12.544 GC heap after
Heap after GC invocations=6 (full 0):
 PSYoungGen      total 70656K, used 6135K [0x00000000e0000000, 0x00000000e4e00000, 0x0000000100000000)
  eden space 64512K, 0% used [0x00000000e0000000,0x00000000e0000000,0x00000000e3f00000)
  from space 6144K, 99% used [0x00000000e4600000,0x00000000e4bfdee0,0x00000000e4c00000)
  to   space 7168K, 0% used [0x00000000e3f00000,0x00000000e3f00000,0x00000000e4600000)
 ParOldGen       total 44032K, used 6403K [0x00000000a0000000, 0x00000000a2b00000, 0x00000000e0000000)
  object space 44032K, 14% used [0x00000000a0000000,0x00000000a0640eb0,0x00000000a2b00000)
 Metaspace       used 16002K, capacity 16320K, committed 16512K, reserved 1062912K
  class space    used 2284K, capacity 2424K, committed 2432K, reserved 1048576K
}
Event: 15.849 GC heap before
{Heap before GC invocations=7 (full 0):
 PSYoungGen      total 70656K, used 50205K [0x00000000e0000000, 0x00000000e4e00000, 0x0000000100000000)
  eden space 64512K, 68% used [0x00000000e0000000,0x00000000e2b09748,0x00000000e3f00000)
  from space 6144K, 99% used [0x00000000e4600000,0x00000000e4bfdee0,0x00000000e4c00000)
  to   space 7168K, 0% used [0x00000000e3f00000,0x00000000e3f00000,0x00000000e4600000)
 ParOldGen       total 44032K, used 6403K [0x00000000a0000000, 0x00000000a2b00000, 0x00000000e0000000)
  object space 44032K, 14% used [0x00000000a0000000,0x00000000a0640eb0,0x00000000a2b00000)
 Metaspace       used 20669K, capacity 21128K, committed 21296K, reserved 1067008K
  class space    used 2901K, capacity 3093K, committed 3200K, reserved 1048576K
Event: 15.879 GC heap after
Heap after GC invocations=7 (full 0):
 PSYoungGen      total 71680K, used 7143K [0x00000000e0000000, 0x00000000e9000000, 0x0000000100000000)
  eden space 64512K, 0% used [0x00000000e0000000,0x00000000e0000000,0x00000000e3f00000)
  from space 7168K, 99% used [0x00000000e3f00000,0x00000000e45f9e80,0x00000000e4600000)
  to   space 9216K, 0% used [0x00000000e8700000,0x00000000e8700000,0x00000000e9000000)
 ParOldGen       total 44032K, used 8528K [0x00000000a0000000, 0x00000000a2b00000, 0x00000000e0000000)
  object space 44032K, 19% used [0x00000000a0000000,0x00000000a0854360,0x00000000a2b00000)
 Metaspace       used 20669K, capacity 21128K, committed 21296K, reserved 1067008K
  class space    used 2901K, capacity 3093K, committed 3200K, reserved 1048576K
}
Event: 15.879 GC heap before
{Heap before GC invocations=8 (full 1):
 PSYoungGen      total 71680K, used 7143K [0x00000000e0000000, 0x00000000e9000000, 0x0000000100000000)
  eden space 64512K, 0% used [0x00000000e0000000,0x00000000e0000000,0x00000000e3f00000)
  from space 7168K, 99% used [0x00000000e3f00000,0x00000000e45f9e80,0x00000000e4600000)
  to   space 9216K, 0% used [0x00000000e8700000,0x00000000e8700000,0x00000000e9000000)
 ParOldGen       total 44032K, used 8528K [0x00000000a0000000, 0x00000000a2b00000, 0x00000000e0000000)
  object space 44032K, 19% used [0x00000000a0000000,0x00000000a0854360,0x00000000a2b00000)
 Metaspace       used 20669K, capacity 21128K, committed 21296K, reserved 1067008K
  class space    used 2901K, capacity 3093K, committed 3200K, reserved 1048576K
Event: 16.054 GC heap after
Heap after GC invocations=8 (full 1):
 PSYoungGen      total 71680K, used 0K [0x00000000e0000000, 0x00000000e9000000, 0x0000000100000000)
  eden space 64512K, 0% used [0x00000000e0000000,0x00000000e0000000,0x00000000e3f00000)
  from space 7168K, 0% used [0x00000000e3f00000,0x00000000e3f00000,0x00000000e4600000)
  to   space 9216K, 0% used [0x00000000e8700000,0x00000000e8700000,0x00000000e9000000)
 ParOldGen       total 40448K, used 12656K [0x00000000a0000000, 0x00000000a2780000, 0x00000000e0000000)
  object space 40448K, 31% used [0x00000000a0000000,0x00000000a0c5c2a8,0x00000000a2780000)
 Metaspace       used 20669K, capacity 21128K, committed 21296K, reserved 1067008K
  class space    used 2901K, capacity 3093K, committed 3200K, reserved 1048576K
}
Event: 19.832 GC heap before
{Heap before GC invocations=9 (full 1):
 PSYoungGen      total 71680K, used 64512K [0x00000000e0000000, 0x00000000e9000000, 0x0000000100000000)
  eden space 64512K, 100% used [0x00000000e0000000,0x00000000e3f00000,0x00000000e3f00000)
  from space 7168K, 0% used [0x00000000e3f00000,0x00000000e3f00000,0x00000000e4600000)
  to   space 9216K, 0% used [0x00000000e8700000,0x00000000e8700000,0x00000000e9000000)
 ParOldGen       total 40448K, used 12656K [0x00000000a0000000, 0x00000000a2780000, 0x00000000e0000000)
  object space 40448K, 31% used [0x00000000a0000000,0x00000000a0c5c2a8,0x00000000a2780000)
 Metaspace       used 27929K, capacity 28398K, committed 28672K, reserved 1073152K
  class space    used 3808K, capacity 3997K, committed 4096K, reserved 1048576K
Event: 19.864 GC heap after
Heap after GC invocations=9 (full 1):
 PSYoungGen      total 105472K, used 7333K [0x00000000e0000000, 0x00000000e8e80000, 0x0000000100000000)
  eden space 97792K, 0% used [0x00000000e0000000,0x00000000e0000000,0x00000000e5f80000)
  from space 7680K, 95% used [0x00000000e8700000,0x00000000e8e297b0,0x00000000e8e80000)
  to   space 9728K, 0% used [0x00000000e7b80000,0x00000000e7b80000,0x00000000e8500000)
 ParOldGen       total 40448K, used 12664K [0x00000000a0000000, 0x00000000a2780000, 0x00000000e0000000)
  object space 40448K, 31% used [0x00000000a0000000,0x00000000a0c5e2a8,0x00000000a2780000)
 Metaspace       used 27929K, capacity 28398K, committed 28672K, reserved 1073152K
  class space    used 3808K, capacity 3997K, committed 4096K, reserved 1048576K
}

